<?xml version="1.0" encoding="UTF-8"?>
<!-- Generated by org.testng.reporters.JUnitReportReporter -->
<testsuite hostname="APatel" failures="0" tests="1" name="angular_testcase.Javascript_files" time="7.302" errors="0" timestamp="29 Oct 2018 11:06:40 GMT" skipped="0">
  <testcase classname="angular_testcase.Javascript_files" name="testMethod" time="7.302"/>
</testsuite> <!-- angular_testcase.Javascript_files -->
