<?xml version="1.0" encoding="UTF-8"?>
<!-- Generated by org.testng.reporters.JUnitReportReporter -->
<testsuite hostname="APatel" failures="0" tests="1" name="angular_testcase.Sparkster_Webfactory" time="0.512" errors="0" timestamp="17 Jan 2019 09:55:20 GMT" skipped="0">
  <testcase classname="angular_testcase.Sparkster_Webfactory" name="check" time="0.512"/>
</testsuite> <!-- angular_testcase.Sparkster_Webfactory -->
